<?xml version="1.0" encoding="UTF-8"?>
<testng-results ignored="0" total="1" passed="1" failed="0" skipped="0">
  <reporter-output>
  </reporter-output>
  <suite started-at="2022-12-20T23:58:56 IST" name="Default suite" finished-at="2022-12-20T23:58:57 IST" duration-ms="1661">
    <groups>
    </groups>
    <test started-at="2022-12-20T23:58:56 IST" name="Default test" finished-at="2022-12-20T23:58:57 IST" duration-ms="1661">
      <class name="trial.test">
        <test-method signature="test1()[pri:0, instance:trial.test@7f3b84b8]" started-at="2022-12-20T23:58:56 IST" name="test1" finished-at="2022-12-20T23:58:57 IST" duration-ms="1515" status="PASS">
          <reporter-output>
          </reporter-output>
        </test-method> <!-- test1 -->
      </class> <!-- trial.test -->
    </test> <!-- Default test -->
  </suite> <!-- Default suite -->
</testng-results>
